Unity Editor version:    2021.3.4f1 (cb45f9cae8b7)
Branch:                  2021.3/staging
Build type:              Release
Batch mode:              YES
macOS version:           Version 12.4 (Build 21F79)
Darwin version:          21.5.0
Architecture:            arm64
Running under Rosetta:   NO
Available memory:        16384 MB
Using pre-set license
Pro License: YES

COMMAND LINE ARGUMENTS:
/Applications/Unity/Hub/Editor/2021.3.4f1/Unity.app/Contents/MacOS/Unity
-adb2
-batchMode
-noUpm
-name
AssetImportWorker0
-projectPath
/Users/oikawayuusuke/Documents/github/vtc_unity_fork
-logFile
Logs/AssetImportWorker0.log
-srvPort
50848
Successfully changed project path to: /Users/oikawayuusuke/Documents/github/vtc_unity_fork
/Users/oikawayuusuke/Documents/github/vtc_unity_fork
[UnityMemory] Configuration Parameters - Can be set up in boot.config
    "memorysetup-bucket-allocator-granularity=16"
    "memorysetup-bucket-allocator-bucket-count=8"
    "memorysetup-bucket-allocator-block-size=33554432"
    "memorysetup-bucket-allocator-block-count=8"
    "memorysetup-main-allocator-block-size=16777216"
    "memorysetup-thread-allocator-block-size=16777216"
    "memorysetup-gfx-main-allocator-block-size=16777216"
    "memorysetup-gfx-thread-allocator-block-size=16777216"
    "memorysetup-cache-allocator-block-size=4194304"
    "memorysetup-typetree-allocator-block-size=2097152"
    "memorysetup-profiler-bucket-allocator-granularity=16"
    "memorysetup-profiler-bucket-allocator-bucket-count=8"
    "memorysetup-profiler-bucket-allocator-block-size=33554432"
    "memorysetup-profiler-bucket-allocator-block-count=8"
    "memorysetup-profiler-allocator-block-size=16777216"
    "memorysetup-profiler-editor-allocator-block-size=1048576"
    "memorysetup-temp-allocator-size-main=16777216"
    "memorysetup-job-temp-allocator-block-size=2097152"
    "memorysetup-job-temp-allocator-block-size-background=1048576"
    "memorysetup-job-temp-allocator-reduction-small-platforms=262144"
    "memorysetup-temp-allocator-size-background-worker=32768"
    "memorysetup-temp-allocator-size-job-worker=262144"
    "memorysetup-temp-allocator-size-preload-manager=33554432"
    "memorysetup-temp-allocator-size-nav-mesh-worker=65536"
    "memorysetup-temp-allocator-size-audio-worker=65536"
    "memorysetup-temp-allocator-size-cloud-worker=32768"
    "memorysetup-temp-allocator-size-gi-baking-worker=262144"
    "memorysetup-temp-allocator-size-gfx=262144"
Refreshing native plugins compatible for Editor in 58.37 ms, found 6 plugins.
Preloading 0 native plugins for Editor in 0.00 ms.
Initialize engine version: 2021.3.4f1 (cb45f9cae8b7)
[Subsystems] Discovering subsystems at path /Applications/Unity/Hub/Editor/2021.3.4f1/Unity.app/Contents/Resources/UnitySubsystems
[Subsystems] Discovering subsystems at path /Users/oikawayuusuke/Documents/github/vtc_unity_fork/Assets
GfxDevice: creating device client; threaded=0; jobified=0
 preferred device: Apple M1 (high power)
Metal devices available: 1
0: Apple M1 (high power)
Using device Apple M1 (high power)
Initializing Metal device caps: Apple M1
Initialize mono
Mono path[0] = '/Applications/Unity/Hub/Editor/2021.3.4f1/Unity.app/Contents/Managed'
Mono path[1] = '/Applications/Unity/Hub/Editor/2021.3.4f1/Unity.app/Contents/MonoBleedingEdge/lib/mono/unityjit-macos'
Mono config path = '/Applications/Unity/Hub/Editor/2021.3.4f1/Unity.app/Contents/MonoBleedingEdge/etc'
Using monoOptions --debugger-agent=transport=dt_socket,embedding=1,server=y,suspend=n,address=127.0.0.1:56068
Begin MonoManager ReloadAssembly
Registering precompiled unity dll's ...
Register platform support module: /Applications/Unity/Hub/Editor/2021.3.4f1/Unity.app/Contents/PlaybackEngines/MacStandaloneSupport/UnityEditor.OSXStandalone.Extensions.dll
Registered in 0.000968 seconds.
Native extension for OSXStandalone target not found
Refreshing native plugins compatible for Editor in 34.25 ms, found 6 plugins.
Preloading 0 native plugins for Editor in 0.00 ms.
Mono: successfully reloaded assembly
- Completed reload, in  0.398 seconds
Domain Reload Profiling:
	ReloadAssembly (398ms)
		BeginReloadAssembly (60ms)
			ExecutionOrderSort (0ms)
			DisableScriptedObjects (0ms)
			BackupInstance (0ms)
			ReleaseScriptingObjects (0ms)
			CreateAndSetChildDomain (1ms)
		EndReloadAssembly (267ms)
			LoadAssemblies (60ms)
			RebuildTransferFunctionScriptingTraits (1ms)
			SetupTypeCache (80ms)
			ReleaseScriptCaches (0ms)
			RebuildScriptCaches (19ms)
			SetupLoadedEditorAssemblies (139ms)
				LogAssemblyErrors (0ms)
				InitializePlatformSupportModulesInManaged (3ms)
				SetLoadedEditorAssemblies (0ms)
				RefreshPlugins (34ms)
				BeforeProcessingInitializeOnLoad (1ms)
				ProcessInitializeOnLoadAttributes (75ms)
				ProcessInitializeOnLoadMethodAttributes (25ms)
				AfterProcessingInitializeOnLoad (0ms)
				EditorAssembliesLoaded (0ms)
			ExecutionOrderSort2 (0ms)
			AwakeInstancesAfterBackupRestoration (0ms)
Platform modules already initialized, skipping
Registering precompiled user dll's ...
Registered in 0.004577 seconds.
Begin MonoManager ReloadAssembly
Native extension for OSXStandalone target not found
Refreshing native plugins compatible for Editor in 34.26 ms, found 6 plugins.
Preloading 0 native plugins for Editor in 0.00 ms.
ArgumentException: An item with the same key has already been added. Key: bdc06d7e28746a241930be13e10a1298
  at System.Collections.Generic.Dictionary`2[TKey,TValue].TryInsert (TKey key, TValue value, System.Collections.Generic.InsertionBehavior behavior) [0x0015a] in <1588c740f0bf425e9cee2e65d80c07e7>:0 
  at System.Collections.Generic.Dictionary`2[TKey,TValue].Add (TKey key, TValue value) [0x00000] in <1588c740f0bf425e9cee2e65d80c07e7>:0 
  at UnityEditor.AddressableAssets.Settings.AddressableAssetGroup.ResetEntryMap () [0x0003d] in /Users/oikawayuusuke/Documents/github/vtc_unity_fork/Library/PackageCache/com.unity.addressables@1.19.19/Editor/Settings/AddressableAssetGroup.cs:416 
UnityEngine.DebugLogHandler:Internal_LogException(Exception, Object)
UnityEngine.DebugLogHandler:LogException(Exception, Object)
UnityEngine.Logger:LogException(Exception, Object)
UnityEngine.Debug:LogException(Exception)
UnityEditor.AddressableAssets.Settings.AddressableAssetGroup:ResetEntryMap() (at Library/PackageCache/com.unity.addressables@1.19.19/Editor/Settings/AddressableAssetGroup.cs:421)
UnityEditor.AddressableAssets.Settings.AddressableAssetGroup:OnAfterDeserialize() (at Library/PackageCache/com.unity.addressables@1.19.19/Editor/Settings/AddressableAssetGroup.cs:402)
UnityEditor.AssetDatabase:LoadAssetAtPath(String, Type)
UnityEditor.AssetDatabase:LoadAssetAtPath(String) (at /Users/bokken/buildslave/unity/build/Modules/AssetDatabase/Editor/ScriptBindings/AssetDatabase.bindings.cs:232)
UnityEditor.AddressableAssets.AddressableAssetSettingsDefaultObject:LoadSettingsObject() (at Library/PackageCache/com.unity.addressables@1.19.19/Editor/AddressableAssetSettingsDefaultObject.cs:62)
UnityEditor.AddressableAssets.AddressableAssetSettingsDefaultObject:get_Settings() (at Library/PackageCache/com.unity.addressables@1.19.19/Editor/AddressableAssetSettingsDefaultObject.cs:114)
UnityEditor.AddressableAssets.AddressableEditorInitialization:.cctor() (at Library/PackageCache/com.unity.addressables@1.19.19/Editor/AddressableEditorInitialization.cs:20)
System.Runtime.CompilerServices.RuntimeHelpers:RunClassConstructor(IntPtr)
System.Runtime.CompilerServices.RuntimeHelpers:RunClassConstructor(RuntimeTypeHandle)
UnityEditor.EditorAssemblies:ProcessInitializeOnLoadAttributes(Type[]) (at /Users/bokken/buildslave/unity/build/Editor/Mono/EditorAssemblies.cs:126)

(Filename: Library/PackageCache/com.unity.addressables@1.19.19/Editor/Settings/AddressableAssetGroup.cs Line: 416)

Mono: successfully reloaded assembly
- Completed reload, in  0.603 seconds
Domain Reload Profiling:
	ReloadAssembly (603ms)
		BeginReloadAssembly (66ms)
			ExecutionOrderSort (0ms)
			DisableScriptedObjects (3ms)
			BackupInstance (0ms)
			ReleaseScriptingObjects (0ms)
			CreateAndSetChildDomain (18ms)
		EndReloadAssembly (461ms)
			LoadAssemblies (61ms)
			RebuildTransferFunctionScriptingTraits (0ms)
			SetupTypeCache (127ms)
			ReleaseScriptCaches (0ms)
			RebuildScriptCaches (32ms)
			SetupLoadedEditorAssemblies (218ms)
				LogAssemblyErrors (0ms)
				InitializePlatformSupportModulesInManaged (2ms)
				SetLoadedEditorAssemblies (0ms)
				RefreshPlugins (34ms)
				BeforeProcessingInitializeOnLoad (36ms)
				ProcessInitializeOnLoadAttributes (124ms)
				ProcessInitializeOnLoadMethodAttributes (22ms)
				AfterProcessingInitializeOnLoad (1ms)
				EditorAssembliesLoaded (0ms)
			ExecutionOrderSort2 (0ms)
			AwakeInstancesAfterBackupRestoration (3ms)
Platform modules already initialized, skipping
========================================================================
Worker process is ready to serve import requests
Launching external process: /Applications/Unity/Hub/Editor/2021.3.4f1/Unity.app/Contents/Tools/UnityShaderCompiler
Launched and connected shader compiler UnityShaderCompiler after 0.19 seconds
Refreshing native plugins compatible for Editor in 0.34 ms, found 6 plugins.
Preloading 0 native plugins for Editor in 0.00 ms.
Unloading 2646 Unused Serialized files (Serialized files now loaded: 0)
Unloading 46 unused Assets / (1.5 MB). Loaded Objects now: 3090.
Memory consumption went from 206.0 MB to 204.5 MB.
Total: 2.621750 ms (FindLiveObjects: 0.111458 ms CreateObjectMapping: 0.033542 ms MarkObjects: 2.067833 ms  DeleteObjects: 0.408167 ms)

AssetImportParameters requested are different than current active one (requested -> active):
  custom:video-decoder-ogg-theora: a1e56fd34408186e4bbccfd4996cb3dc -> 
  custom:container-muxer-webm: aa71ff27fc2769a1b78a27578f13a17b -> 
  custom:container-demuxer-webm: 4f35f7cbe854078d1ac9338744f61a02 -> 
  custom:video-encoder-webm-vp8: eb34c28f22e8b96e1ab97ce403110664 -> 
  custom:framework-osx-AVFoundation: e770b220cccbd017edd2c1fefb359320 -> 
  custom:audio-encoder-webm-vorbis: bf7c407c2cedff20999df2af8eb42d56 -> 
  custom:container-demuxer-ogg: 62fdf1f143b41e24485cea50d1cbac27 -> 
  custom:video-decoder-webm-vp8: 9c59270c3fd7afecdb556c50c9e8de78 -> 
  custom:audio-decoder-ogg-vorbis: bf7c407c2cedff20999df2af8eb42d56 -> 
========================================================================
Received Import Request.
  Time since last request: 5541.878128 seconds.
  path: Assets/Standard Assets/Environment
  artifactKey: Guid(6ca8c4e270f964e0da9f731d7d34b123) Importer(815301076,1909f56bfc062723c751e8b465ee728b)
Start importing Assets/Standard Assets/Environment using Guid(6ca8c4e270f964e0da9f731d7d34b123) Importer(815301076,1909f56bfc062723c751e8b465ee728b)  -> (artifact id: '0fde35b0efb6bc9344c90e2d2d0a9ff3') in 0.003361 seconds 
========================================================================
Received Import Request.
  Time since last request: 147.170277 seconds.
  path: Assets/vtc_world_unity/Scenes
  artifactKey: Guid(16c1c1d1af1de6784991baabd49ef9d2) Importer(815301076,1909f56bfc062723c751e8b465ee728b)
Start importing Assets/vtc_world_unity/Scenes using Guid(16c1c1d1af1de6784991baabd49ef9d2) Importer(815301076,1909f56bfc062723c751e8b465ee728b)  -> (artifact id: '6d8c84bff52a1ad38716143ea787873b') in 0.001206 seconds 
========================================================================
Received Import Request.
  Time since last request: 20.154707 seconds.
  path: Assets/vtc_world_unity/Scenes/vtc_world_plateau.unity
  artifactKey: Guid(cbace73ac96c34f9ba93fc057c37ce7c) Importer(815301076,1909f56bfc062723c751e8b465ee728b)
Start importing Assets/vtc_world_unity/Scenes/vtc_world_plateau.unity using Guid(cbace73ac96c34f9ba93fc057c37ce7c) Importer(815301076,1909f56bfc062723c751e8b465ee728b)  -> (artifact id: '5cc7952648205e25f0de1cd6d7f74782') in 0.001573 seconds 
========================================================================
Received Import Request.
  Time since last request: 42.789598 seconds.
  path: Assets/unit04_unity/Scenes/unit04_test.unity
  artifactKey: Guid(5f787d0e3bbbe754bbc2de463c4661d1) Importer(815301076,1909f56bfc062723c751e8b465ee728b)
Start importing Assets/unit04_unity/Scenes/unit04_test.unity using Guid(5f787d0e3bbbe754bbc2de463c4661d1) Importer(815301076,1909f56bfc062723c751e8b465ee728b)  -> (artifact id: 'b31e63ffe863194039a5eaf03274bed6') in 0.097879 seconds 
========================================================================
Received Import Request.
  Time since last request: 116.846594 seconds.
  path: Assets/vtc_world_unity/Scenes/vtc_world_unity.unity
  artifactKey: Guid(a79c412954447af479d4d4e434441592) Importer(815301076,1909f56bfc062723c751e8b465ee728b)
Start importing Assets/vtc_world_unity/Scenes/vtc_world_unity.unity using Guid(a79c412954447af479d4d4e434441592) Importer(815301076,1909f56bfc062723c751e8b465ee728b)  -> (artifact id: 'b43e3011d5c63909a44673bca2424813') in 0.001299 seconds 
========================================================================
Received Import Request.
  Time since last request: 3.511847 seconds.
  path: Assets/vtc_world_unity/Scenes/vtc_world_plateau.unity
  artifactKey: Guid(cbace73ac96c34f9ba93fc057c37ce7c) Importer(815301076,1909f56bfc062723c751e8b465ee728b)
Start importing Assets/vtc_world_unity/Scenes/vtc_world_plateau.unity using Guid(cbace73ac96c34f9ba93fc057c37ce7c) Importer(815301076,1909f56bfc062723c751e8b465ee728b)  -> (artifact id: 'a56affc2214e0f34e9d34b18a35a5b9d') in 0.003342 seconds 
========================================================================
Received Import Request.
  Time since last request: 88.401001 seconds.
  path: Assets/unit04_unity/Scenes/unit04_testSettings.lighting
  artifactKey: Guid(677b64a103f0c4d9db0c5541ef968b70) Importer(815301076,1909f56bfc062723c751e8b465ee728b)
Start importing Assets/unit04_unity/Scenes/unit04_testSettings.lighting using Guid(677b64a103f0c4d9db0c5541ef968b70) Importer(815301076,1909f56bfc062723c751e8b465ee728b) The Progressive CPU lightmapper is not supported on Apple silicon, switching to the Progressive GPU lightmapper.
LightingSettings: switching bake backend from 2 to 1.
 -> (artifact id: 'cf4ec6e35cf239215f6d3c116826a2b2') in 0.064784 seconds 
